mode: atomic
github.com/filipecosta90/hdrhistogram/hdr.go:47.60,48.32 1 28
github.com/filipecosta90/hdrhistogram/hdr.go:52.2,56.37 4 28
github.com/filipecosta90/hdrhistogram/hdr.go:59.2,62.23 3 28
github.com/filipecosta90/hdrhistogram/hdr.go:66.2,75.42 6 28
github.com/filipecosta90/hdrhistogram/hdr.go:80.2,96.3 3 28
github.com/filipecosta90/hdrhistogram/hdr.go:48.32,49.63 1 0
github.com/filipecosta90/hdrhistogram/hdr.go:56.37,58.3 1 0
github.com/filipecosta90/hdrhistogram/hdr.go:62.23,64.3 1 1
github.com/filipecosta90/hdrhistogram/hdr.go:75.42,78.3 2 183
github.com/filipecosta90/hdrhistogram/hdr.go:104.36,106.2 1 1
github.com/filipecosta90/hdrhistogram/hdr.go:110.60,112.15 2 3
github.com/filipecosta90/hdrhistogram/hdr.go:121.2,121.8 1 3
github.com/filipecosta90/hdrhistogram/hdr.go:112.15,116.34 3 300
github.com/filipecosta90/hdrhistogram/hdr.go:116.34,118.4 1 0
github.com/filipecosta90/hdrhistogram/hdr.go:125.40,127.2 1 1000000
github.com/filipecosta90/hdrhistogram/hdr.go:130.33,133.15 3 2
github.com/filipecosta90/hdrhistogram/hdr.go:138.2,138.38 1 2
github.com/filipecosta90/hdrhistogram/hdr.go:133.15,134.24 1 11170
github.com/filipecosta90/hdrhistogram/hdr.go:134.24,136.4 1 11170
github.com/filipecosta90/hdrhistogram/hdr.go:142.33,145.15 3 1
github.com/filipecosta90/hdrhistogram/hdr.go:151.2,151.37 1 1
github.com/filipecosta90/hdrhistogram/hdr.go:145.15,146.36 1 1
github.com/filipecosta90/hdrhistogram/hdr.go:146.36,148.9 2 1
github.com/filipecosta90/hdrhistogram/hdr.go:155.36,156.23 1 3
github.com/filipecosta90/hdrhistogram/hdr.go:159.2,161.15 3 2
github.com/filipecosta90/hdrhistogram/hdr.go:166.2,166.47 1 2
github.com/filipecosta90/hdrhistogram/hdr.go:156.23,158.3 1 1
github.com/filipecosta90/hdrhistogram/hdr.go:161.15,162.24 1 22340
github.com/filipecosta90/hdrhistogram/hdr.go:162.24,164.4 1 22340
github.com/filipecosta90/hdrhistogram/hdr.go:170.38,171.23 1 2
github.com/filipecosta90/hdrhistogram/hdr.go:175.2,179.15 4 1
github.com/filipecosta90/hdrhistogram/hdr.go:186.2,186.61 1 1
github.com/filipecosta90/hdrhistogram/hdr.go:171.23,173.3 1 1
github.com/filipecosta90/hdrhistogram/hdr.go:179.15,180.24 1 11170
github.com/filipecosta90/hdrhistogram/hdr.go:180.24,183.4 2 11170
github.com/filipecosta90/hdrhistogram/hdr.go:191.29,193.26 2 7
github.com/filipecosta90/hdrhistogram/hdr.go:193.26,195.3 1 54272
github.com/filipecosta90/hdrhistogram/hdr.go:200.48,202.2 1 10011549
github.com/filipecosta90/hdrhistogram/hdr.go:209.75,210.41 1 2
github.com/filipecosta90/hdrhistogram/hdr.go:214.2,214.52 1 2
github.com/filipecosta90/hdrhistogram/hdr.go:218.2,219.39 2 1
github.com/filipecosta90/hdrhistogram/hdr.go:226.2,226.12 1 1
github.com/filipecosta90/hdrhistogram/hdr.go:210.41,212.3 1 0
github.com/filipecosta90/hdrhistogram/hdr.go:214.52,216.3 1 1
github.com/filipecosta90/hdrhistogram/hdr.go:219.39,220.53 1 9
github.com/filipecosta90/hdrhistogram/hdr.go:223.3,223.35 1 9
github.com/filipecosta90/hdrhistogram/hdr.go:220.53,222.4 1 0
github.com/filipecosta90/hdrhistogram/hdr.go:231.52,233.40 2 10011849
github.com/filipecosta90/hdrhistogram/hdr.go:236.2,239.12 3 10011849
github.com/filipecosta90/hdrhistogram/hdr.go:233.40,235.3 1 0
github.com/filipecosta90/hdrhistogram/hdr.go:243.54,244.13 1 16
github.com/filipecosta90/hdrhistogram/hdr.go:248.2,252.15 4 16
github.com/filipecosta90/hdrhistogram/hdr.go:259.2,259.10 1 0
github.com/filipecosta90/hdrhistogram/hdr.go:244.13,246.3 1 0
github.com/filipecosta90/hdrhistogram/hdr.go:252.15,254.33 2 77492
github.com/filipecosta90/hdrhistogram/hdr.go:254.33,256.4 1 16
github.com/filipecosta90/hdrhistogram/hdr.go:264.56,268.15 3 1
github.com/filipecosta90/hdrhistogram/hdr.go:276.2,276.15 1 1
github.com/filipecosta90/hdrhistogram/hdr.go:268.15,274.3 1 16
github.com/filipecosta90/hdrhistogram/hdr.go:281.119,285.15 3 0
github.com/filipecosta90/hdrhistogram/hdr.go:293.2,293.15 1 0
github.com/filipecosta90/hdrhistogram/hdr.go:285.15,291.3 1 0
github.com/filipecosta90/hdrhistogram/hdr.go:296.93,300.29 4 0
github.com/filipecosta90/hdrhistogram/hdr.go:306.2,316.19 3 0
github.com/filipecosta90/hdrhistogram/hdr.go:300.29,304.3 3 0
github.com/filipecosta90/hdrhistogram/hdr.go:322.48,324.2 1 1
github.com/filipecosta90/hdrhistogram/hdr.go:328.50,330.2 1 1
github.com/filipecosta90/hdrhistogram/hdr.go:334.51,336.2 1 1
github.com/filipecosta90/hdrhistogram/hdr.go:344.30,346.2 1 0
github.com/filipecosta90/hdrhistogram/hdr.go:350.51,352.15 2 1
github.com/filipecosta90/hdrhistogram/hdr.go:360.2,360.15 1 1
github.com/filipecosta90/hdrhistogram/hdr.go:352.15,358.3 1 128
github.com/filipecosta90/hdrhistogram/hdr.go:364.51,365.9 1 3
github.com/filipecosta90/hdrhistogram/hdr.go:386.2,386.13 1 2
github.com/filipecosta90/hdrhistogram/hdr.go:377.36,378.15 1 1
github.com/filipecosta90/hdrhistogram/hdr.go:379.10,380.30 1 2
github.com/filipecosta90/hdrhistogram/hdr.go:380.30,381.28 1 30720
github.com/filipecosta90/hdrhistogram/hdr.go:381.28,383.5 1 0
github.com/filipecosta90/hdrhistogram/hdr.go:391.40,398.2 1 1
github.com/filipecosta90/hdrhistogram/hdr.go:402.37,406.42 4 1
github.com/filipecosta90/hdrhistogram/hdr.go:412.2,413.10 2 1
github.com/filipecosta90/hdrhistogram/hdr.go:406.42,408.23 2 15360
github.com/filipecosta90/hdrhistogram/hdr.go:408.23,410.4 1 11170
github.com/filipecosta90/hdrhistogram/hdr.go:416.42,421.2 1 23
github.com/filipecosta90/hdrhistogram/hdr.go:423.44,430.2 1 3
github.com/filipecosta90/hdrhistogram/hdr.go:432.70,440.2 1 1
github.com/filipecosta90/hdrhistogram/hdr.go:442.63,446.38 4 167699
github.com/filipecosta90/hdrhistogram/hdr.go:449.2,449.64 1 167699
github.com/filipecosta90/hdrhistogram/hdr.go:446.38,448.3 1 0
github.com/filipecosta90/hdrhistogram/hdr.go:452.73,454.2 1 301999
github.com/filipecosta90/hdrhistogram/hdr.go:456.58,460.2 3 167828
github.com/filipecosta90/hdrhistogram/hdr.go:462.59,464.2 1 134189
github.com/filipecosta90/hdrhistogram/hdr.go:466.59,468.2 1 134189
github.com/filipecosta90/hdrhistogram/hdr.go:470.58,472.2 1 33510
github.com/filipecosta90/hdrhistogram/hdr.go:474.74,476.2 1 134171
github.com/filipecosta90/hdrhistogram/hdr.go:478.70,482.2 3 10146020
github.com/filipecosta90/hdrhistogram/hdr.go:484.51,488.2 2 10347376
github.com/filipecosta90/hdrhistogram/hdr.go:490.63,492.2 1 10347376
github.com/filipecosta90/hdrhistogram/hdr.go:494.49,498.2 3 10011849
github.com/filipecosta90/hdrhistogram/hdr.go:507.32,508.36 1 134180
github.com/filipecosta90/hdrhistogram/hdr.go:513.2,514.42 2 134171
github.com/filipecosta90/hdrhistogram/hdr.go:519.2,519.36 1 134171
github.com/filipecosta90/hdrhistogram/hdr.go:523.2,528.13 5 134171
github.com/filipecosta90/hdrhistogram/hdr.go:508.36,510.3 1 9
github.com/filipecosta90/hdrhistogram/hdr.go:514.42,517.3 2 107
github.com/filipecosta90/hdrhistogram/hdr.go:519.36,521.3 1 0
github.com/filipecosta90/hdrhistogram/hdr.go:536.33,537.24 1 303
github.com/filipecosta90/hdrhistogram/hdr.go:543.2,543.14 1 3
github.com/filipecosta90/hdrhistogram/hdr.go:537.24,538.24 1 700
github.com/filipecosta90/hdrhistogram/hdr.go:538.24,541.4 2 300
github.com/filipecosta90/hdrhistogram/hdr.go:554.33,555.38 1 17
github.com/filipecosta90/hdrhistogram/hdr.go:566.2,566.48 1 15
github.com/filipecosta90/hdrhistogram/hdr.go:570.2,571.12 2 15
github.com/filipecosta90/hdrhistogram/hdr.go:583.2,583.13 1 0
github.com/filipecosta90/hdrhistogram/hdr.go:555.38,556.22 1 2
github.com/filipecosta90/hdrhistogram/hdr.go:560.3,563.14 3 1
github.com/filipecosta90/hdrhistogram/hdr.go:556.22,558.4 1 1
github.com/filipecosta90/hdrhistogram/hdr.go:566.48,568.3 1 0
github.com/filipecosta90/hdrhistogram/hdr.go:571.12,573.73 2 11184
github.com/filipecosta90/hdrhistogram/hdr.go:580.3,580.28 1 11169
github.com/filipecosta90/hdrhistogram/hdr.go:573.73,579.4 5 15
github.com/filipecosta90/hdrhistogram/hdr.go:586.32,587.30 1 10347376
github.com/filipecosta90/hdrhistogram/hdr.go:590.2,590.15 1 10347376
github.com/filipecosta90/hdrhistogram/hdr.go:594.2,594.14 1 10347376
github.com/filipecosta90/hdrhistogram/hdr.go:598.2,598.14 1 10347376
github.com/filipecosta90/hdrhistogram/hdr.go:602.2,602.14 1 10347376
github.com/filipecosta90/hdrhistogram/hdr.go:605.2,605.8 1 10347376
github.com/filipecosta90/hdrhistogram/hdr.go:587.30,589.3 1 9819582
github.com/filipecosta90/hdrhistogram/hdr.go:590.15,593.3 2 527900
github.com/filipecosta90/hdrhistogram/hdr.go:594.14,597.3 2 5221023
github.com/filipecosta90/hdrhistogram/hdr.go:598.14,601.3 2 4392290
github.com/filipecosta90/hdrhistogram/hdr.go:602.14,604.3 1 3696807
github.com/filipecosta90/hdrhistogram/window.go:14.83,21.21 2 1
github.com/filipecosta90/hdrhistogram/window.go:24.2,26.11 2 1
github.com/filipecosta90/hdrhistogram/window.go:21.21,23.3 1 2
github.com/filipecosta90/hdrhistogram/window.go:31.48,33.24 2 1
github.com/filipecosta90/hdrhistogram/window.go:36.2,36.12 1 1
github.com/filipecosta90/hdrhistogram/window.go:33.24,35.3 1 2
github.com/filipecosta90/hdrhistogram/window.go:41.38,45.2 3 3
